Determining if the pthread_create exist failed with the following output:
Change Dir: /homes/josullivan/catkin_ws2/src/amiro_potential_field_navigation/aura/cmake-build-debug/CMakeFiles/CMakeTmp

Run Build Command:"/usr/bin/gmake" "cmTC_33055/fast"
/usr/bin/gmake -f CMakeFiles/cmTC_33055.dir/build.make CMakeFiles/cmTC_33055.dir/build
gmake[1]: Entering directory '/homes/josullivan/catkin_ws2/src/amiro_potential_field_navigation/aura/cmake-build-debug/CMakeFiles/CMakeTmp'
Building C object CMakeFiles/cmTC_33055.dir/CheckSymbolExists.c.o
/usr/bin/cc    -o CMakeFiles/cmTC_33055.dir/CheckSymbolExists.c.o   -c /homes/josullivan/catkin_ws2/src/amiro_potential_field_navigation/aura/cmake-build-debug/CMakeFiles/CMakeTmp/CheckSymbolExists.c
Linking C executable cmTC_33055
/homes/josullivan/Programs/clion-2017.2.2/bin/cmake/bin/cmake -E cmake_link_script CMakeFiles/cmTC_33055.dir/link.txt --verbose=1
/usr/bin/cc      -rdynamic CMakeFiles/cmTC_33055.dir/CheckSymbolExists.c.o  -o cmTC_33055 
CMakeFiles/cmTC_33055.dir/CheckSymbolExists.c.o: In function `main':
CheckSymbolExists.c:(.text+0x16): undefined reference to `pthread_create'
collect2: error: ld returned 1 exit status
CMakeFiles/cmTC_33055.dir/build.make:97: recipe for target 'cmTC_33055' failed
gmake[1]: *** [cmTC_33055] Error 1
gmake[1]: Leaving directory '/homes/josullivan/catkin_ws2/src/amiro_potential_field_navigation/aura/cmake-build-debug/CMakeFiles/CMakeTmp'
Makefile:126: recipe for target 'cmTC_33055/fast' failed
gmake: *** [cmTC_33055/fast] Error 2

File /homes/josullivan/catkin_ws2/src/amiro_potential_field_navigation/aura/cmake-build-debug/CMakeFiles/CMakeTmp/CheckSymbolExists.c:
/* */
#include <pthread.h>

int main(int argc, char** argv)
{
  (void)argv;
#ifndef pthread_create
  return ((int*)(&pthread_create))[argc];
#else
  (void)argc;
  return 0;
#endif
}

Determining if the function pthread_create exists in the pthreads failed with the following output:
Change Dir: /homes/josullivan/catkin_ws2/src/amiro_potential_field_navigation/aura/cmake-build-debug/CMakeFiles/CMakeTmp

Run Build Command:"/usr/bin/gmake" "cmTC_8bf74/fast"
/usr/bin/gmake -f CMakeFiles/cmTC_8bf74.dir/build.make CMakeFiles/cmTC_8bf74.dir/build
gmake[1]: Entering directory '/homes/josullivan/catkin_ws2/src/amiro_potential_field_navigation/aura/cmake-build-debug/CMakeFiles/CMakeTmp'
Building C object CMakeFiles/cmTC_8bf74.dir/CheckFunctionExists.c.o
/usr/bin/cc   -DCHECK_FUNCTION_EXISTS=pthread_create   -o CMakeFiles/cmTC_8bf74.dir/CheckFunctionExists.c.o   -c /homes/josullivan/Programs/clion-2017.2.2/bin/cmake/share/cmake-3.8/Modules/CheckFunctionExists.c
Linking C executable cmTC_8bf74
/homes/josullivan/Programs/clion-2017.2.2/bin/cmake/bin/cmake -E cmake_link_script CMakeFiles/cmTC_8bf74.dir/link.txt --verbose=1
/usr/bin/cc  -DCHECK_FUNCTION_EXISTS=pthread_create    -rdynamic CMakeFiles/cmTC_8bf74.dir/CheckFunctionExists.c.o  -o cmTC_8bf74 -lpthreads 
/usr/bin/ld: cannot find -lpthreads
collect2: error: ld returned 1 exit status
CMakeFiles/cmTC_8bf74.dir/build.make:97: recipe for target 'cmTC_8bf74' failed
gmake[1]: *** [cmTC_8bf74] Error 1
gmake[1]: Leaving directory '/homes/josullivan/catkin_ws2/src/amiro_potential_field_navigation/aura/cmake-build-debug/CMakeFiles/CMakeTmp'
Makefile:126: recipe for target 'cmTC_8bf74/fast' failed
gmake: *** [cmTC_8bf74/fast] Error 2


